<?xml version="1.0" encoding="UTF-8"?>
<testng-results skipped="0" failed="0" ignored="0" total="2" passed="2">
  <reporter-output>
  </reporter-output>
  <suite name="Smoketest" duration-ms="43639" started-at="2020-03-03T15:19:09 IST" finished-at="2020-03-03T15:19:52 IST">
    <groups>
    </groups>
    <test name="Daywise Run" duration-ms="43639" started-at="2020-03-03T15:19:09 IST" finished-at="2020-03-03T15:19:52 IST">
      <class name="fwork.fireOpen2">
        <test-method status="PASS" signature="setUpBrowser()[pri:0, instance:fwork.fireOpen2@49fc609f]" name="setUpBrowser" is-config="true" duration-ms="23451" started-at="2020-03-03T15:19:09 IST" finished-at="2020-03-03T15:19:32 IST">
          <reporter-output>
          </reporter-output>
        </test-method> <!-- setUpBrowser -->
        <test-method status="PASS" signature="loginGoogle2()[pri:0, instance:fwork.fireOpen2@49fc609f]" name="loginGoogle2" duration-ms="8093" started-at="2020-03-03T15:19:32 IST" finished-at="2020-03-03T15:19:40 IST">
          <reporter-output>
          </reporter-output>
        </test-method> <!-- loginGoogle2 -->
        <test-method status="PASS" signature="smartDetails()[pri:0, instance:fwork.fireOpen2@49fc609f]" name="smartDetails" duration-ms="11844" started-at="2020-03-03T15:19:40 IST" finished-at="2020-03-03T15:19:52 IST">
          <reporter-output>
          </reporter-output>
        </test-method> <!-- smartDetails -->
        <test-method status="PASS" signature="closeBrowser2()[pri:0, instance:fwork.fireOpen2@49fc609f]" name="closeBrowser2" is-config="true" duration-ms="1" started-at="2020-03-03T15:19:52 IST" finished-at="2020-03-03T15:19:52 IST">
          <reporter-output>
          </reporter-output>
        </test-method> <!-- closeBrowser2 -->
      </class> <!-- fwork.fireOpen2 -->
    </test> <!-- Daywise Run -->
  </suite> <!-- Smoketest -->
</testng-results>
